build/app/intermediates/manifest_merge_blame_file/debug/manifest-merger-blame-debug-report.txt
1<?xml version="1.0" encoding="utf-8"?>
2<manifest xmlns:android="http://schemas.android.com/apk/res/android"
3    package="I3ANA.i3ana"
4    android:versionCode="1"
5    android:versionName="1.0.0" >
6
7    <uses-sdk
8        android:minSdkVersion="21"
9        android:targetSdkVersion="28" />
10    <!--
11         Flutter needs it to communicate with the running application
12         to allow setting breakpoints, to provide hot reload, etc.
13    -->
14    <uses-permission android:name="android.permission.INTERNET" />
14-->src\debug\AndroidManifest.xml:6:5-66
14-->src\debug\AndroidManifest.xml:6:22-64
15    <uses-permission android:name="android.permission.READ_EXTERNAL_STORAGE" />
15-->[:image_picker] AndroidManifest.xml:7:5-80
15-->[:image_picker] AndroidManifest.xml:7:22-77
16    <uses-permission android:name="android.permission.WRITE_EXTERNAL_STORAGE" />
16-->[:image_picker] AndroidManifest.xml:8:5-81
16-->[:image_picker] AndroidManifest.xml:8:22-78
17    <uses-permission android:name="android.permission.CAMERA" />
17-->[:camera] AndroidManifest.xml:7:5-65
17-->[:camera] AndroidManifest.xml:7:22-62
18    <uses-permission android:name="android.permission.RECORD_AUDIO" /> <!-- Include required permissions for Google Maps API to run. -->
18-->[:camera] AndroidManifest.xml:8:5-71
18-->[:camera] AndroidManifest.xml:8:22-68
19    <uses-permission android:name="android.permission.ACCESS_NETWORK_STATE" />
19-->[com.google.android.gms:play-services-maps:17.0.0] AndroidManifest.xml:23:5-79
19-->[com.google.android.gms:play-services-maps:17.0.0] AndroidManifest.xml:23:22-76
20
21    <uses-feature
21-->[com.google.android.gms:play-services-maps:17.0.0] AndroidManifest.xml:26:5-28:35
22        android:glEsVersion="0x00020000"
22-->[com.google.android.gms:play-services-maps:17.0.0] AndroidManifest.xml:27:9-41
23        android:required="true" />
23-->[com.google.android.gms:play-services-maps:17.0.0] AndroidManifest.xml:28:9-32
24    <!--
25 io.flutter.app.FlutterApplication is an android.app.Application that
26         calls FlutterMain.startInitialization(this); in its onCreate method.
27         In most cases you can leave this as-is, but you if you want to provide
28         additional functionality it is fine to subclass or reimplement
29         FlutterApplication and put your custom class here.
30    -->
31    <application
31-->src\main\AndroidManifest.xml:8:5-32:19
32        android:name="io.flutter.app.FlutterApplication"
32-->src\main\AndroidManifest.xml:9:9-57
33        android:appComponentFactory="androidx.core.app.CoreComponentFactory"
33-->[androidx.core:core:1.1.0] AndroidManifest.xml:24:18-86
34        android:debuggable="true"
35        android:icon="@mipmap/ic_launcher"
35-->src\main\AndroidManifest.xml:11:9-43
36        android:label="MelekFlatt"
36-->src\main\AndroidManifest.xml:10:9-35
37        android:supportsRtl="true" >
37-->[com.facebook.android:facebook-login:5.5.1] AndroidManifest.xml:28:18-44
38        <activity
38-->src\main\AndroidManifest.xml:12:9-23:20
39            android:name="I3ANA.i3ana.MainActivity"
39-->src\main\AndroidManifest.xml:13:13-41
40            android:configChanges="orientation|keyboardHidden|keyboard|screenSize|smallestScreenSize|locale|layoutDirection|fontScale|screenLayout|density|uiMode"
40-->src\main\AndroidManifest.xml:16:13-163
41            android:hardwareAccelerated="true"
41-->src\main\AndroidManifest.xml:17:13-47
42            android:launchMode="singleTop"
42-->src\main\AndroidManifest.xml:14:13-43
43            android:theme="@style/LaunchTheme"
43-->src\main\AndroidManifest.xml:15:13-47
44            android:windowSoftInputMode="adjustResize" >
44-->src\main\AndroidManifest.xml:18:13-55
45            <intent-filter>
45-->src\main\AndroidManifest.xml:19:13-22:29
46                <action android:name="android.intent.action.MAIN" />
46-->src\main\AndroidManifest.xml:20:17-68
46-->src\main\AndroidManifest.xml:20:25-66
47
48                <category android:name="android.intent.category.LAUNCHER" />
48-->src\main\AndroidManifest.xml:21:17-76
48-->src\main\AndroidManifest.xml:21:27-74
49            </intent-filter>
50        </activity>
51        <!--
52             Don't delete the meta-data below.
53             This is used by the Flutter tool to generate GeneratedPluginRegistrant.java
54        -->
55        <meta-data
55-->src\main\AndroidManifest.xml:26:9-28:33
56            android:name="flutterEmbedding"
56-->src\main\AndroidManifest.xml:27:13-44
57            android:value="2" />
57-->src\main\AndroidManifest.xml:28:13-30
58        <meta-data
58-->src\main\AndroidManifest.xml:29:9-31:70
59            android:name="com.google.android.geo.API_KEY"
59-->src\main\AndroidManifest.xml:30:13-58
60            android:value="AIzaSyBO1WAslh3mAqXol4QST0i896AxT2zLMOY" />
60-->src\main\AndroidManifest.xml:31:13-68
61
62        <provider
62-->[:image_picker] AndroidManifest.xml:11:9-19:20
63            android:name="io.flutter.plugins.imagepicker.ImagePickerFileProvider"
63-->[:image_picker] AndroidManifest.xml:12:13-82
64            android:authorities="I3ANA.i3ana.flutter.image_provider"
64-->[:image_picker] AndroidManifest.xml:13:13-74
65            android:exported="false"
65-->[:image_picker] AndroidManifest.xml:14:13-37
66            android:grantUriPermissions="true" >
66-->[:image_picker] AndroidManifest.xml:15:13-47
67            <meta-data
67-->[:image_picker] AndroidManifest.xml:16:13-18:75
68                android:name="android.support.FILE_PROVIDER_PATHS"
68-->[:image_picker] AndroidManifest.xml:17:17-67
69                android:resource="@xml/flutter_image_picker_file_paths" />
69-->[:image_picker] AndroidManifest.xml:18:17-72
70        </provider>
71
72        <activity
72-->[:url_launcher] AndroidManifest.xml:8:9-11:74
73            android:name="io.flutter.plugins.urllauncher.WebViewActivity"
73-->[:url_launcher] AndroidManifest.xml:9:13-74
74            android:exported="false"
74-->[:url_launcher] AndroidManifest.xml:10:13-37
75            android:theme="@android:style/Theme.NoTitleBar.Fullscreen" /> <!-- Needs to be explicitly declared on P+ -->
75-->[:url_launcher] AndroidManifest.xml:11:13-71
76        <uses-library
76-->[com.google.android.gms:play-services-maps:17.0.0] AndroidManifest.xml:33:9-35:40
77            android:name="org.apache.http.legacy"
77-->[com.google.android.gms:play-services-maps:17.0.0] AndroidManifest.xml:34:13-50
78            android:required="false" />
78-->[com.google.android.gms:play-services-maps:17.0.0] AndroidManifest.xml:35:13-37
79
80        <activity
80-->[com.facebook.android:facebook-common:5.5.1] AndroidManifest.xml:29:9-32:66
81            android:name="com.facebook.FacebookActivity"
81-->[com.facebook.android:facebook-common:5.5.1] AndroidManifest.xml:30:13-57
82            android:configChanges="keyboard|keyboardHidden|screenLayout|screenSize|orientation"
82-->[com.facebook.android:facebook-common:5.5.1] AndroidManifest.xml:31:13-96
83            android:theme="@style/com_facebook_activity_theme" />
83-->[com.facebook.android:facebook-common:5.5.1] AndroidManifest.xml:32:13-63
84        <activity android:name="com.facebook.CustomTabMainActivity" />
84-->[com.facebook.android:facebook-common:5.5.1] AndroidManifest.xml:33:9-71
84-->[com.facebook.android:facebook-common:5.5.1] AndroidManifest.xml:33:19-68
85        <activity android:name="com.facebook.CustomTabActivity" />
85-->[com.facebook.android:facebook-common:5.5.1] AndroidManifest.xml:34:9-67
85-->[com.facebook.android:facebook-common:5.5.1] AndroidManifest.xml:34:19-64
86        <activity
86-->[com.google.android.gms:play-services-base:17.0.0] AndroidManifest.xml:23:9-26:75
87            android:name="com.google.android.gms.common.api.GoogleApiActivity"
87-->[com.google.android.gms:play-services-base:17.0.0] AndroidManifest.xml:24:13-79
88            android:exported="false"
88-->[com.google.android.gms:play-services-base:17.0.0] AndroidManifest.xml:25:13-37
89            android:theme="@android:style/Theme.Translucent.NoTitleBar" />
89-->[com.google.android.gms:play-services-base:17.0.0] AndroidManifest.xml:26:13-72
90
91        <meta-data
91-->[com.google.android.gms:play-services-basement:17.0.0] AndroidManifest.xml:23:9-25:69
92            android:name="com.google.android.gms.version"
92-->[com.google.android.gms:play-services-basement:17.0.0] AndroidManifest.xml:24:13-58
93            android:value="@integer/google_play_services_version" />
93-->[com.google.android.gms:play-services-basement:17.0.0] AndroidManifest.xml:25:13-66
94        <!--
95         The initialization ContentProvider will call FacebookSdk.sdkInitialize automatically
96         with the application context. This config is merged in with the host app's manifest,
97         but there can only be one provider with the same authority activated at any given
98         point; so if the end user has two or more different apps that use Facebook SDK, only the
99         first one will be able to use the provider. To work around this problem, we use the
100         following placeholder in the authority to identify each host application as if it was
101         a completely different provider.
102        -->
103        <provider
103-->[com.facebook.android:facebook-core:5.5.1] AndroidManifest.xml:39:9-42:40
104            android:name="com.facebook.internal.FacebookInitProvider"
104-->[com.facebook.android:facebook-core:5.5.1] AndroidManifest.xml:40:13-70
105            android:authorities="I3ANA.i3ana.FacebookInitProvider"
105-->[com.facebook.android:facebook-core:5.5.1] AndroidManifest.xml:41:13-72
106            android:exported="false" />
106-->[com.facebook.android:facebook-core:5.5.1] AndroidManifest.xml:42:13-37
107
108        <receiver
108-->[com.facebook.android:facebook-core:5.5.1] AndroidManifest.xml:44:9-50:20
109            android:name="com.facebook.CurrentAccessTokenExpirationBroadcastReceiver"
109-->[com.facebook.android:facebook-core:5.5.1] AndroidManifest.xml:45:13-86
110            android:exported="false" >
110-->[com.facebook.android:facebook-core:5.5.1] AndroidManifest.xml:46:13-37
111            <intent-filter>
111-->[com.facebook.android:facebook-core:5.5.1] AndroidManifest.xml:47:13-49:29
112                <action android:name="com.facebook.sdk.ACTION_CURRENT_ACCESS_TOKEN_CHANGED" />
112-->[com.facebook.android:facebook-core:5.5.1] AndroidManifest.xml:48:17-95
112-->[com.facebook.android:facebook-core:5.5.1] AndroidManifest.xml:48:25-92
113            </intent-filter>
114        </receiver>
115        <receiver
115-->[com.facebook.android:facebook-core:5.5.1] AndroidManifest.xml:51:9-58:20
116            android:name="com.facebook.CampaignTrackingReceiver"
116-->[com.facebook.android:facebook-core:5.5.1] AndroidManifest.xml:52:13-65
117            android:exported="true"
117-->[com.facebook.android:facebook-core:5.5.1] AndroidManifest.xml:53:13-36
118            android:permission="android.permission.INSTALL_PACKAGES" >
118-->[com.facebook.android:facebook-core:5.5.1] AndroidManifest.xml:54:13-69
119            <intent-filter>
119-->[com.facebook.android:facebook-core:5.5.1] AndroidManifest.xml:55:13-57:29
120                <action android:name="com.android.vending.INSTALL_REFERRER" />
120-->[com.facebook.android:facebook-core:5.5.1] AndroidManifest.xml:56:17-79
120-->[com.facebook.android:facebook-core:5.5.1] AndroidManifest.xml:56:25-76
121            </intent-filter>
122        </receiver>
123    </application>
124
125</manifest>